<?xml version="1.0" encoding="UTF-8"?>
<!-- Generated by org.testng.reporters.JUnitReportReporter -->
<testsuite hostname="SNS_Dell13" failures="0" tests="1" name="tests.LoginTest" time="24.837" errors="0" timestamp="2022-02-03T21:55:43 IST" skipped="0">
  <testcase classname="tests.LoginTest" name="Test" time="24.837"/>
  <system-out/>
</testsuite> <!-- tests.LoginTest -->
