<?xml version="1.0" encoding="UTF-8"?>
<!-- Generated by org.testng.reporters.JUnitReportReporter -->
<testsuite hostname="SNS_Dell13" failures="0" tests="1" name="tests.DashboardTest" time="20.208" errors="0" timestamp="2022-02-03T21:56:36 IST" skipped="0">
  <testcase classname="tests.DashboardTest" name="Test" time="20.208"/>
  <system-out/>
</testsuite> <!-- tests.DashboardTest -->
