<?xml version="1.0" encoding="UTF-8"?>
<!-- Generated by org.testng.reporters.JUnitReportReporter -->
<testsuite hostname="SNS_Dell13" failures="0" tests="1" name="setup.BrowserConfig" time="6.215" errors="0" timestamp="2022-01-24T01:36:27 IST" skipped="0">
  <testcase classname="setup.BrowserConfig" name="test" time="6.215"/>
  <system-out/>
</testsuite> <!-- setup.BrowserConfig -->
